This is pdfTeX, Version 3.141592653-2.6-1.40.22 (TeX Live 2021/W32TeX) (preloaded format=pdflatex 2021.11.18)  1 JAN 2023 12:18
entering extended mode
 restricted \write18 enabled.
 file:line:error style messages enabled.
 %&-line parsing enabled.
**c:/Users/ZhenyuZHOU/Desktop/Finger-Knuckle-Assist-Slap-Fingerprint/One-Column/finger-knuckle-assisted-slap-fingerprint.tex
(c:/Users/ZhenyuZHOU/Desktop/Finger-Knuckle-Assist-Slap-Fingerprint/One-Column/finger-knuckle-assisted-slap-fingerprint.tex
LaTeX2e <2020-10-01> patch level 4
L3 programming layer <2021-02-18> (c:/Program Files/texlive/2021/texmf-dist/tex/latex/base/article.cls
Document Class: article 2020/04/10 v1.4m Standard LaTeX document class
(c:/Program Files/texlive/2021/texmf-dist/tex/latex/base/size12.clo
File: size12.clo 2020/04/10 v1.4m Standard LaTeX file (size option)
)
\c@part=\count179
\c@section=\count180
\c@subsection=\count181
\c@subsubsection=\count182
\c@paragraph=\count183
\c@subparagraph=\count184
\c@figure=\count185
\c@table=\count186
\abovecaptionskip=\skip47
\belowcaptionskip=\skip48
\bibindent=\dimen138
) (c:/Program Files/texlive/2021/texmf-dist/tex/latex/geometry/geometry.sty
Package: geometry 2020/01/02 v5.9 Page Geometry
 (c:/Program Files/texlive/2021/texmf-dist/tex/latex/graphics/keyval.sty
Package: keyval 2014/10/28 v1.15 key=value parser (DPC)
\KV@toks@=\toks15
) (c:/Program Files/texlive/2021/texmf-dist/tex/generic/iftex/ifvtex.sty
Package: ifvtex 2019/10/25 v1.7 ifvtex legacy package. Use iftex instead.
 (c:/Program Files/texlive/2021/texmf-dist/tex/generic/iftex/iftex.sty
Package: iftex 2020/03/06 v1.0d TeX engine tests
))
\Gm@cnth=\count187
\Gm@cntv=\count188
\c@Gm@tempcnt=\count189
\Gm@bindingoffset=\dimen139
\Gm@wd@mp=\dimen140
\Gm@odd@mp=\dimen141
\Gm@even@mp=\dimen142
\Gm@layoutwidth=\dimen143
\Gm@layoutheight=\dimen144
\Gm@layouthoffset=\dimen145
\Gm@layoutvoffset=\dimen146
\Gm@dimlist=\toks16
) (c:/Program Files/texlive/2021/texmf-dist/tex/latex/hyperref/hyperref.sty
Package: hyperref 2021-02-27 v7.00k Hypertext links for LaTeX
 (c:/Program Files/texlive/2021/texmf-dist/tex/generic/ltxcmds/ltxcmds.sty
Package: ltxcmds 2020-05-10 v1.25 LaTeX kernel commands for general use (HO)
) (c:/Program Files/texlive/2021/texmf-dist/tex/generic/pdftexcmds/pdftexcmds.sty
Package: pdftexcmds 2020-06-27 v0.33 Utility functions of pdfTeX for LuaTeX (HO)
 (c:/Program Files/texlive/2021/texmf-dist/tex/generic/infwarerr/infwarerr.sty
Package: infwarerr 2019/12/03 v1.5 Providing info/warning/error messages (HO)
)
Package pdftexcmds Info: \pdf@primitive is available.
Package pdftexcmds Info: \pdf@ifprimitive is available.
Package pdftexcmds Info: \pdfdraftmode found.
) (c:/Program Files/texlive/2021/texmf-dist/tex/generic/kvsetkeys/kvsetkeys.sty
Package: kvsetkeys 2019/12/15 v1.18 Key value parser (HO)
) (c:/Program Files/texlive/2021/texmf-dist/tex/generic/kvdefinekeys/kvdefinekeys.sty
Package: kvdefinekeys 2019-12-19 v1.6 Define keys (HO)
) (c:/Program Files/texlive/2021/texmf-dist/tex/generic/pdfescape/pdfescape.sty
Package: pdfescape 2019/12/09 v1.15 Implements pdfTeX's escape features (HO)
) (c:/Program Files/texlive/2021/texmf-dist/tex/latex/hycolor/hycolor.sty
Package: hycolor 2020-01-27 v1.10 Color options for hyperref/bookmark (HO)
) (c:/Program Files/texlive/2021/texmf-dist/tex/latex/letltxmacro/letltxmacro.sty
Package: letltxmacro 2019/12/03 v1.6 Let assignment for LaTeX macros (HO)
) (c:/Program Files/texlive/2021/texmf-dist/tex/latex/auxhook/auxhook.sty
Package: auxhook 2019-12-17 v1.6 Hooks for auxiliary files (HO)
) (c:/Program Files/texlive/2021/texmf-dist/tex/latex/kvoptions/kvoptions.sty
Package: kvoptions 2020-10-07 v3.14 Key value format for package options (HO)
)
\@linkdim=\dimen147
\Hy@linkcounter=\count190
\Hy@pagecounter=\count191
 (c:/Program Files/texlive/2021/texmf-dist/tex/latex/hyperref/pd1enc.def
File: pd1enc.def 2021-02-27 v7.00k Hyperref: PDFDocEncoding definition (HO)
Now handling font encoding PD1 ...
... no UTF-8 mapping file for font encoding PD1
) (c:/Program Files/texlive/2021/texmf-dist/tex/latex/hyperref/hyperref-langpatches.def
File: hyperref-langpatches.def 2021-02-27 v7.00k Hyperref: patches for babel languages
) (c:/Program Files/texlive/2021/texmf-dist/tex/generic/intcalc/intcalc.sty
Package: intcalc 2019/12/15 v1.3 Expandable calculations with integers (HO)
) (c:/Program Files/texlive/2021/texmf-dist/tex/generic/etexcmds/etexcmds.sty
Package: etexcmds 2019/12/15 v1.7 Avoid name clashes with e-TeX commands (HO)
)
\Hy@SavedSpaceFactor=\count192
 (c:/Program Files/texlive/2021/texmf-dist/tex/latex/hyperref/puenc.def
File: puenc.def 2021-02-27 v7.00k Hyperref: PDF Unicode definition (HO)
Now handling font encoding PU ...
... no UTF-8 mapping file for font encoding PU
)
Package hyperref Info: Hyper figures OFF on input line 4192.
Package hyperref Info: Link nesting OFF on input line 4197.
Package hyperref Info: Hyper index ON on input line 4200.
Package hyperref Info: Plain pages OFF on input line 4207.
Package hyperref Info: Backreferencing OFF on input line 4212.
Package hyperref Info: Implicit mode ON; LaTeX internals redefined.
Package hyperref Info: Bookmarks ON on input line 4445.
\c@Hy@tempcnt=\count193
 (c:/Program Files/texlive/2021/texmf-dist/tex/latex/url/url.sty
\Urlmuskip=\muskip16
Package: url 2013/09/16  ver 3.4  Verb mode for urls, etc.
)
LaTeX Info: Redefining \url on input line 4804.
\XeTeXLinkMargin=\dimen148
 (c:/Program Files/texlive/2021/texmf-dist/tex/generic/bitset/bitset.sty
Package: bitset 2019/12/09 v1.3 Handle bit-vector datatype (HO)
 (c:/Program Files/texlive/2021/texmf-dist/tex/generic/bigintcalc/bigintcalc.sty
Package: bigintcalc 2019/12/15 v1.5 Expandable calculations on big integers (HO)
))
\Fld@menulength=\count194
\Field@Width=\dimen149
\Fld@charsize=\dimen150
Package hyperref Info: Hyper figures OFF on input line 6075.
Package hyperref Info: Link nesting OFF on input line 6080.
Package hyperref Info: Hyper index ON on input line 6083.
Package hyperref Info: backreferencing OFF on input line 6090.
Package hyperref Info: Link coloring OFF on input line 6095.
Package hyperref Info: Link coloring with OCG OFF on input line 6100.
Package hyperref Info: PDF/A mode OFF on input line 6105.
LaTeX Info: Redefining \ref on input line 6145.
LaTeX Info: Redefining \pageref on input line 6149.
 (c:/Program Files/texlive/2021/texmf-dist/tex/latex/base/atbegshi-ltx.sty
Package: atbegshi-ltx 2020/08/17 v1.0a Emulation of the original atbegshi package
with kernel methods
)
\Hy@abspage=\count195
\c@Item=\count196
\c@Hfootnote=\count197
)
Package hyperref Info: Driver (autodetected): hpdftex.
 (c:/Program Files/texlive/2021/texmf-dist/tex/latex/hyperref/hpdftex.def
File: hpdftex.def 2021-02-27 v7.00k Hyperref driver for pdfTeX
 (c:/Program Files/texlive/2021/texmf-dist/tex/latex/base/atveryend-ltx.sty
Package: atveryend-ltx 2020/08/19 v1.0a Emulation of the original atvery package
with kernel methods
)
\Fld@listcount=\count198
\c@bookmark@seq@number=\count199
 (c:/Program Files/texlive/2021/texmf-dist/tex/latex/rerunfilecheck/rerunfilecheck.sty
Package: rerunfilecheck 2019/12/05 v1.9 Rerun checks for auxiliary files (HO)
 (c:/Program Files/texlive/2021/texmf-dist/tex/generic/uniquecounter/uniquecounter.sty
Package: uniquecounter 2019/12/15 v1.4 Provide unlimited unique counter (HO)
)
Package uniquecounter Info: New unique counter `rerunfilecheck' on input line 286.
)
\Hy@SectionHShift=\skip49
) (c:/Program Files/texlive/2021/texmf-dist/tex/latex/float/float.sty
Package: float 2001/11/08 v1.3d Float enhancements (AL)
\c@float@type=\count266
\float@exts=\toks17
\float@box=\box47
\@float@everytoks=\toks18
\@floatcapt=\box48
) (c:/Program Files/texlive/2021/texmf-dist/tex/latex/amsmath/amsmath.sty
Package: amsmath 2020/09/23 v2.17i AMS math features
\@mathmargin=\skip50

For additional information on amsmath, use the `?' option.
(c:/Program Files/texlive/2021/texmf-dist/tex/latex/amsmath/amstext.sty
Package: amstext 2000/06/29 v2.01 AMS text
 (c:/Program Files/texlive/2021/texmf-dist/tex/latex/amsmath/amsgen.sty
File: amsgen.sty 1999/11/30 v2.0 generic functions
\@emptytoks=\toks19
\ex@=\dimen151
)) (c:/Program Files/texlive/2021/texmf-dist/tex/latex/amsmath/amsbsy.sty
Package: amsbsy 1999/11/29 v1.2d Bold Symbols
\pmbraise@=\dimen152
) (c:/Program Files/texlive/2021/texmf-dist/tex/latex/amsmath/amsopn.sty
Package: amsopn 2016/03/08 v2.02 operator names
)
\inf@bad=\count267
LaTeX Info: Redefining \frac on input line 234.
\uproot@=\count268
\leftroot@=\count269
LaTeX Info: Redefining \overline on input line 399.
\classnum@=\count270
\DOTSCASE@=\count271
LaTeX Info: Redefining \ldots on input line 496.
LaTeX Info: Redefining \dots on input line 499.
LaTeX Info: Redefining \cdots on input line 620.
\Mathstrutbox@=\box49
\strutbox@=\box50
\big@size=\dimen153
LaTeX Font Info:    Redeclaring font encoding OML on input line 743.
LaTeX Font Info:    Redeclaring font encoding OMS on input line 744.
\macc@depth=\count272
\c@MaxMatrixCols=\count273
\dotsspace@=\muskip17
\c@parentequation=\count274
\dspbrk@lvl=\count275
\tag@help=\toks20
\row@=\count276
\column@=\count277
\maxfields@=\count278
\andhelp@=\toks21
\eqnshift@=\dimen154
\alignsep@=\dimen155
\tagshift@=\dimen156
\tagwidth@=\dimen157
\totwidth@=\dimen158
\lineht@=\dimen159
\@envbody=\toks22
\multlinegap=\skip51
\multlinetaggap=\skip52
\mathdisplay@stack=\toks23
LaTeX Info: Redefining \[ on input line 2923.
LaTeX Info: Redefining \] on input line 2924.
) (c:/Program Files/texlive/2021/texmf-dist/tex/latex/graphics/graphicx.sty
Package: graphicx 2020/09/09 v1.2b Enhanced LaTeX Graphics (DPC,SPQR)
 (c:/Program Files/texlive/2021/texmf-dist/tex/latex/graphics/graphics.sty
Package: graphics 2020/08/30 v1.4c Standard LaTeX Graphics (DPC,SPQR)
 (c:/Program Files/texlive/2021/texmf-dist/tex/latex/graphics/trig.sty
Package: trig 2016/01/03 v1.10 sin cos tan (DPC)
) (c:/Program Files/texlive/2021/texmf-dist/tex/latex/graphics-cfg/graphics.cfg
File: graphics.cfg 2016/06/04 v1.11 sample graphics configuration
)
Package graphics Info: Driver file: pdftex.def on input line 105.
 (c:/Program Files/texlive/2021/texmf-dist/tex/latex/graphics-def/pdftex.def
File: pdftex.def 2020/10/05 v1.2a Graphics/color driver for pdftex
))
\Gin@req@height=\dimen160
\Gin@req@width=\dimen161
) (c:/Program Files/texlive/2021/texmf-dist/tex/latex/graphics/color.sty
Package: color 2020/02/24 v1.2b Standard LaTeX Color (DPC)
 (c:/Program Files/texlive/2021/texmf-dist/tex/latex/graphics-cfg/color.cfg
File: color.cfg 2016/01/02 v1.6 sample color configuration
)
Package color Info: Driver file: pdftex.def on input line 147.
) (c:/Program Files/texlive/2021/texmf-dist/tex/latex/multirow/multirow.sty
Package: multirow 2021/03/15 v2.8 Span multiple rows of a table
\multirow@colwidth=\skip53
\multirow@cntb=\count279
\multirow@dima=\skip54
\bigstrutjot=\dimen162
) (c:/Program Files/texlive/2021/texmf-dist/tex/latex/makecell/makecell.sty
Package: makecell 2009/08/03 V0.1e Managing of Tab Column Heads and Cells
 (c:/Program Files/texlive/2021/texmf-dist/tex/latex/tools/array.sty
Package: array 2020/10/01 v2.5c Tabular extension package (FMi)
\col@sep=\dimen163
\ar@mcellbox=\box51
\extrarowheight=\dimen164
\NC@list=\toks24
\extratabsurround=\skip55
\backup@length=\skip56
\ar@cellbox=\box52
)
\rotheadsize=\dimen165
\c@nlinenum=\count280
\TeXr@lab=\toks25
) (c:/Program Files/texlive/2021/texmf-dist/tex/latex/threeparttable/threeparttable.sty
Package: threeparttable 2003/06/13  v 3.0
\@tempboxb=\box53
) (c:/Program Files/texlive/2021/texmf-dist/tex/latex/algorithms/algorithm.sty
Package: algorithm 2009/08/24 v0.1 Document Style `algorithm' - floating environment
 (c:/Program Files/texlive/2021/texmf-dist/tex/latex/base/ifthen.sty
Package: ifthen 2014/09/29 v1.1c Standard LaTeX ifthen package (DPC)
)
\@float@every@algorithm=\toks26
\c@algorithm=\count281
) (c:/Program Files/texlive/2021/texmf-dist/tex/latex/algorithms/algorithmic.sty
Package: algorithmic 2009/08/24 v0.1 Document Style `algorithmic'
\c@ALC@unique=\count282
\c@ALC@line=\count283
\c@ALC@rem=\count284
\c@ALC@depth=\count285
\ALC@tlm=\skip57
\algorithmicindent=\skip58
) (c:/Program Files/texlive/2021/texmf-dist/tex/latex/tools/bm.sty
Package: bm 2019/07/24 v1.2d Bold Symbol Support (DPC/FMi)
\symboldoperators=\mathgroup4
\symboldletters=\mathgroup5
\symboldsymbols=\mathgroup6
LaTeX Font Info:    Redeclaring math alphabet \mathbf on input line 141.
LaTeX Info: Redefining \bm on input line 209.
) (c:/Program Files/texlive/2021/texmf-dist/tex/generic/ulem/ulem.sty
\UL@box=\box54
\UL@hyphenbox=\box55
\UL@skip=\skip59
\UL@hook=\toks27
\UL@height=\dimen166
\UL@pe=\count286
\UL@pixel=\dimen167
\ULC@box=\box56
Package: ulem 2019/11/18
\ULdepth=\dimen168
) (c:/Program Files/texlive/2021/texmf-dist/tex/latex/mathtools/mathtools.sty
Package: mathtools 2021/03/18 v1.25 mathematical typesetting tools
 (c:/Program Files/texlive/2021/texmf-dist/tex/latex/tools/calc.sty
Package: calc 2017/05/25 v4.3 Infix arithmetic (KKT,FJ)
\calc@Acount=\count287
\calc@Bcount=\count288
\calc@Adimen=\dimen169
\calc@Bdimen=\dimen170
\calc@Askip=\skip60
\calc@Bskip=\skip61
LaTeX Info: Redefining \setlength on input line 80.
LaTeX Info: Redefining \addtolength on input line 81.
\calc@Ccount=\count289
\calc@Cskip=\skip62
) (c:/Program Files/texlive/2021/texmf-dist/tex/latex/mathtools/mhsetup.sty
Package: mhsetup 2021/03/18 v1.4 programming setup (MH)
)
LaTeX Info: Thecontrolsequence`\('isalreadyrobust on input line 130.
LaTeX Info: Thecontrolsequence`\)'isalreadyrobust on input line 130.
LaTeX Info: Thecontrolsequence`\['isalreadyrobust on input line 130.
LaTeX Info: Thecontrolsequence`\]'isalreadyrobust on input line 130.
\g_MT_multlinerow_int=\count290
\l_MT_multwidth_dim=\dimen171
\origjot=\skip63
\l_MT_shortvdotswithinadjustabove_dim=\dimen172
\l_MT_shortvdotswithinadjustbelow_dim=\dimen173
\l_MT_above_intertext_sep=\dimen174
\l_MT_below_intertext_sep=\dimen175
\l_MT_above_shortintertext_sep=\dimen176
\l_MT_below_shortintertext_sep=\dimen177
\xmathstrut@box=\box57
\xmathstrut@dim=\dimen178
) (c:/Program Files/texlive/2021/texmf-dist/tex/latex/ncctools/nccmath.sty
Package: nccmath 2006/01/20 v1.3 Additional Math Commands (NCC)
\NCC@fracrulewidth=\dimen179
) (c:/Program Files/texlive/2021/texmf-dist/tex/latex/amsfonts/amsfonts.sty
Package: amsfonts 2013/01/14 v3.01 Basic AMSFonts support
\symAMSa=\mathgroup7
\symAMSb=\mathgroup8
LaTeX Font Info:    Redeclaring math symbol \hbar on input line 98.
LaTeX Font Info:    Overwriting math alphabet `\mathfrak' in version `bold'
(Font)                  U/euf/m/n --> U/euf/b/n on input line 106.
) (c:/Program Files/texlive/2021/texmf-dist/tex/latex/subfig/subfig.sty
Package: subfig 2005/06/28 ver: 1.3 subfig package
 (c:/Program Files/texlive/2021/texmf-dist/tex/latex/caption/caption3.sty
Package: caption3 2020/10/21 v2.2e caption3 kernel (AR)
\captionmargin=\dimen180
\captionmargin@=\dimen181
\captionwidth=\dimen182
\caption@tempdima=\dimen183
\caption@indent=\dimen184
\caption@parindent=\dimen185
\caption@hangindent=\dimen186
Package caption Info: Standard document class detected.
)
\c@KVtest=\count291
\sf@farskip=\skip64
\sf@captopadj=\dimen187
\sf@capskip=\skip65
\sf@nearskip=\skip66
\c@subfigure=\count292
\c@subfigure@save=\count293
\c@lofdepth=\count294
\c@subtable=\count295
\c@subtable@save=\count296
\c@lotdepth=\count297
\sf@top=\skip67
\sf@bottom=\skip68
) (c:/Program Files/texlive/2021/texmf-dist/tex/latex/base/textcomp.sty
Package: textcomp 2020/02/02 v2.0n Standard LaTeX package
) (c:/Program Files/texlive/2021/texmf-dist/tex/latex/sttools/stfloats.sty
Package: stfloats 2017/03/27 v3.3 Improve float mechanism and baselineskip settings
\@dblbotnum=\count298
\c@dblbotnumber=\count299
) (c:/Program Files/texlive/2021/texmf-dist/tex/latex/tools/verbatim.sty
Package: verbatim 2020-07-07 v1.5u LaTeX2e package for verbatim enhancements
\every@verbatim=\toks28
\verbatim@line=\toks29
\verbatim@in@stream=\read2
) (c:/Program Files/texlive/2021/texmf-dist/tex/latex/l3backend/l3backend-pdftex.def
File: l3backend-pdftex.def 2021-03-18 L3 backend support: PDF output (pdfTeX)
\l__color_backend_stack_int=\count300
\l__pdf_internal_box=\box58
) (c:/Users/ZhenyuZHOU/Desktop/Finger-Knuckle-Assist-Slap-Fingerprint/One-Column/finger-knuckle-assisted-slap-fingerprint.aux

LaTeX Warning: Label `' multiply defined.


LaTeX Warning: Label `sub@' multiply defined.


LaTeX Warning: Label `' multiply defined.


LaTeX Warning: Label `sub@' multiply defined.


LaTeX Warning: Label `' multiply defined.


LaTeX Warning: Label `sub@' multiply defined.


LaTeX Warning: Label `' multiply defined.


LaTeX Warning: Label `sub@' multiply defined.


LaTeX Warning: Label `' multiply defined.


LaTeX Warning: Label `sub@' multiply defined.


LaTeX Warning: Label `' multiply defined.


LaTeX Warning: Label `sub@' multiply defined.


LaTeX Warning: Label `' multiply defined.


LaTeX Warning: Label `sub@' multiply defined.


LaTeX Warning: Label `' multiply defined.


LaTeX Warning: Label `sub@' multiply defined.


LaTeX Warning: Label `' multiply defined.


LaTeX Warning: Label `sub@' multiply defined.


LaTeX Warning: Label `' multiply defined.


LaTeX Warning: Label `sub@' multiply defined.


LaTeX Warning: Label `' multiply defined.


LaTeX Warning: Label `sub@' multiply defined.


LaTeX Warning: Label `' multiply defined.


LaTeX Warning: Label `sub@' multiply defined.


LaTeX Warning: Label `' multiply defined.


LaTeX Warning: Label `sub@' multiply defined.


LaTeX Warning: Label `' multiply defined.


LaTeX Warning: Label `sub@' multiply defined.


LaTeX Warning: Label `joint-performance' multiply defined.


LaTeX Warning: Label `' multiply defined.


LaTeX Warning: Label `sub@' multiply defined.


LaTeX Warning: Label `' multiply defined.


LaTeX Warning: Label `sub@' multiply defined.


LaTeX Warning: Label `' multiply defined.


LaTeX Warning: Label `sub@' multiply defined.


LaTeX Warning: Label `' multiply defined.


LaTeX Warning: Label `sub@' multiply defined.


LaTeX Warning: Label `' multiply defined.


LaTeX Warning: Label `sub@' multiply defined.


LaTeX Warning: Label `' multiply defined.


LaTeX Warning: Label `sub@' multiply defined.


LaTeX Warning: Label `' multiply defined.


LaTeX Warning: Label `sub@' multiply defined.


LaTeX Warning: Label `' multiply defined.


LaTeX Warning: Label `sub@' multiply defined.

)
\openout1 = `finger-knuckle-assisted-slap-fingerprint.aux'.

LaTeX Font Info:    Checking defaults for OML/cmm/m/it on input line 59.
LaTeX Font Info:    ... okay on input line 59.
LaTeX Font Info:    Checking defaults for OMS/cmsy/m/n on input line 59.
LaTeX Font Info:    ... okay on input line 59.
LaTeX Font Info:    Checking defaults for OT1/cmr/m/n on input line 59.
LaTeX Font Info:    ... okay on input line 59.
LaTeX Font Info:    Checking defaults for T1/cmr/m/n on input line 59.
LaTeX Font Info:    ... okay on input line 59.
LaTeX Font Info:    Checking defaults for TS1/cmr/m/n on input line 59.
LaTeX Font Info:    ... okay on input line 59.
LaTeX Font Info:    Checking defaults for OMX/cmex/m/n on input line 59.
LaTeX Font Info:    ... okay on input line 59.
LaTeX Font Info:    Checking defaults for U/cmr/m/n on input line 59.
LaTeX Font Info:    ... okay on input line 59.
LaTeX Font Info:    Checking defaults for PD1/pdf/m/n on input line 59.
LaTeX Font Info:    ... okay on input line 59.
LaTeX Font Info:    Checking defaults for PU/pdf/m/n on input line 59.
LaTeX Font Info:    ... okay on input line 59.

*geometry* driver: auto-detecting
*geometry* detected driver: pdftex
*geometry* verbose mode - [ preamble ] result:
* driver: pdftex
* paper: a4paper
* layout: <same size as paper>
* layoutoffset:(h,v)=(0.0pt,0.0pt)
* modes: 
* h-part:(L,W,R)=(56.9055pt, 483.69687pt, 56.9055pt)
* v-part:(T,H,B)=(85.35826pt, 674.33032pt, 85.35826pt)
* \paperwidth=597.50787pt
* \paperheight=845.04684pt
* \textwidth=483.69687pt
* \textheight=674.33032pt
* \oddsidemargin=-15.36449pt
* \evensidemargin=-15.36449pt
* \topmargin=-23.91173pt
* \headheight=12.0pt
* \headsep=25.0pt
* \topskip=12.0pt
* \footskip=30.0pt
* \marginparwidth=35.0pt
* \marginparsep=10.0pt
* \columnsep=10.0pt
* \skip\footins=10.8pt plus 4.0pt minus 2.0pt
* \hoffset=0.0pt
* \voffset=0.0pt
* \mag=1000
* \@twocolumnfalse
* \@twosidefalse
* \@mparswitchfalse
* \@reversemarginfalse
* (1in=72.27pt=25.4mm, 1cm=28.453pt)

Package hyperref Info: Link coloring OFF on input line 59.
(c:/Program Files/texlive/2021/texmf-dist/tex/latex/hyperref/nameref.sty
Package: nameref 2021-04-02 v2.47 Cross-referencing by name of section
 (c:/Program Files/texlive/2021/texmf-dist/tex/latex/refcount/refcount.sty
Package: refcount 2019/12/15 v3.6 Data extraction from label references (HO)
) (c:/Program Files/texlive/2021/texmf-dist/tex/generic/gettitlestring/gettitlestring.sty
Package: gettitlestring 2019/12/15 v1.6 Cleanup title references (HO)
)
\c@section@level=\count301
)
LaTeX Info: Redefining \ref on input line 59.
LaTeX Info: Redefining \pageref on input line 59.
LaTeX Info: Redefining \nameref on input line 59.
 (c:/Users/ZhenyuZHOU/Desktop/Finger-Knuckle-Assist-Slap-Fingerprint/One-Column/finger-knuckle-assisted-slap-fingerprint.out) (c:/Users/ZhenyuZHOU/Desktop/Finger-Knuckle-Assist-Slap-Fingerprint/One-Column/finger-knuckle-assisted-slap-fingerprint.out)
\@outlinefile=\write3
\openout3 = `finger-knuckle-assisted-slap-fingerprint.out'.

 (c:/Program Files/texlive/2021/texmf-dist/tex/context/base/mkii/supp-pdf.mkii
[Loading MPS to PDF converter (version 2006.09.02).]
\scratchcounter=\count302
\scratchdimen=\dimen188
\scratchbox=\box59
\nofMPsegments=\count303
\nofMParguments=\count304
\everyMPshowfont=\toks30
\MPscratchCnt=\count305
\MPscratchDim=\dimen189
\MPnumerator=\count306
\makeMPintoPDFobject=\count307
\everyMPtoPDFconversion=\toks31
) (c:/Program Files/texlive/2021/texmf-dist/tex/latex/epstopdf-pkg/epstopdf-base.sty
Package: epstopdf-base 2020-01-24 v2.11 Base part for package epstopdf
Package epstopdf-base Info: Redefining graphics rule for `.eps' on input line 485.
 (c:/Program Files/texlive/2021/texmf-dist/tex/latex/latexconfig/epstopdf-sys.cfg
File: epstopdf-sys.cfg 2010/07/13 v1.3 Configuration of (r)epstopdf for TeX Live
))
Package caption Info: Begin \AtBeginDocument code.
Package caption Info: subfig package v1.3 is loaded.
Package caption Info: End \AtBeginDocument code.
LaTeX Font Info:    Trying to load font information for U+msa on input line 75.
 (c:/Program Files/texlive/2021/texmf-dist/tex/latex/amsfonts/umsa.fd
File: umsa.fd 2013/01/14 v3.01 AMS symbols A
)
LaTeX Font Info:    Trying to load font information for U+msb on input line 75.
 (c:/Program Files/texlive/2021/texmf-dist/tex/latex/amsfonts/umsb.fd
File: umsb.fd 2013/01/14 v3.01 AMS symbols B
) (c:/Users/ZhenyuZHOU/Desktop/Finger-Knuckle-Assist-Slap-Fingerprint/One-Column/V2/introduction.tex [1

{c:/Program Files/texlive/2021/texmf-var/fonts/map/pdftex/updmap/pdftex.map}] [2]
<Figures/system.png, id=172, 930.47626pt x 660.96938pt>
File: Figures/system.png Graphic file (type png)
<use Figures/system.png>
Package pdftex.def Info: Figures/system.png  used on input line 21.
(pdftex.def)             Requested size: 231.26378pt x 164.27371pt.
<Figures/system-sensor.png, id=174, 288.3272pt x 657.2053pt>
File: Figures/system-sensor.png Graphic file (type png)
<use Figures/system-sensor.png>
Package pdftex.def Info: Figures/system-sensor.png  used on input line 24.
(pdftex.def)             Requested size: 72.26999pt x 164.73213pt.
 [3pdfTeX warning (ext4): destination with the same identifier (name{figure.1}) has been already used, duplicate ignored
<argument> ...shipout:D \box_use:N \l_shipout_box 
                                                  
l.36 
      <c:/Users/ZhenyuZHOU/Desktop/Finger-Knuckle-Assist-Slap-Fingerprint/One-Column/Figures/system.png> <c:/Users/ZhenyuZHOU/Desktop/Finger-Knuckle-Assist-Slap-Fingerprint/One-Column/Figures/system-sensor.png>]) (c:/Users/ZhenyuZHOU/Desktop/Finger-Knuckle-Assist-Slap-Fingerprint/One-Column/V2/finger-knuckle-acquisition-and-segmentation.tex [4]
<Figures/4-4-2-a.png, id=212, 553.31718pt x 552.56438pt>
File: Figures/4-4-2-a.png Graphic file (type png)
<use Figures/4-4-2-a.png>
Package pdftex.def Info: Figures/4-4-2-a.png  used on input line 9.
(pdftex.def)             Requested size: 79.85803pt x 79.74458pt.
<Figures/4-4-2-b.png, id=213, 551.81157pt x 551.81157pt>
File: Figures/4-4-2-b.png Graphic file (type png)
<use Figures/4-4-2-b.png>
Package pdftex.def Info: Figures/4-4-2-b.png  used on input line 11.
(pdftex.def)             Requested size: 79.85803pt x 79.85486pt.
<Figures/4-4-2-c.png, id=214, 553.31718pt x 554.07pt>
File: Figures/4-4-2-c.png Graphic file (type png)
<use Figures/4-4-2-c.png>
Package pdftex.def Info: Figures/4-4-2-c.png  used on input line 13.
(pdftex.def)             Requested size: 79.67719pt x 79.78432pt.
<Figures/4-4-2-d.png, id=215, 554.07pt x 554.07pt>
File: Figures/4-4-2-d.png Graphic file (type png)
<use Figures/4-4-2-d.png>
Package pdftex.def Info: Figures/4-4-2-d.png  used on input line 17.
(pdftex.def)             Requested size: 79.49744pt x 79.49687pt.
<Figures/4-4-2-e.png, id=216, 553.31718pt x 553.31718pt>
File: Figures/4-4-2-e.png Graphic file (type png)
<use Figures/4-4-2-e.png>
Package pdftex.def Info: Figures/4-4-2-e.png  used on input line 19.
(pdftex.def)             Requested size: 79.49744pt x 79.49017pt.
<Figures/4-4-2-f.png, id=217, 554.07pt x 551.81157pt>
File: Figures/4-4-2-f.png Graphic file (type png)
<use Figures/4-4-2-f.png>
Package pdftex.def Info: Figures/4-4-2-f.png  used on input line 21.
(pdftex.def)             Requested size: 79.85803pt x 79.52647pt.
<Figures/4-4-2-fingerprint.png, id=218, 1412.27625pt x 385.44pt>
File: Figures/4-4-2-fingerprint.png Graphic file (type png)
<use Figures/4-4-2-fingerprint.png>
Package pdftex.def Info: Figures/4-4-2-fingerprint.png  used on input line 29.
(pdftex.def)             Requested size: 245.71754pt x 67.05896pt.
 [5pdfTeX warning (ext4): destination with the same identifier (name{figure.2}) has been already used, duplicate ignored
<argument> ...shipout:D \box_use:N \l_shipout_box 
                                                  
l.35 
     pdfTeX warning (ext4): destination with the same identifier (name{figure.3}) has been already used, duplicate ignored
<argument> ...shipout:D \box_use:N \l_shipout_box 
                                                  
l.35 
      <c:/Users/ZhenyuZHOU/Desktop/Finger-Knuckle-Assist-Slap-Fingerprint/One-Column/Figures/4-4-2-a.png> <c:/Users/ZhenyuZHOU/Desktop/Finger-Knuckle-Assist-Slap-Fingerprint/One-Column/Figures/4-4-2-b.png> <c:/Users/ZhenyuZHOU/Desktop/Finger-Knuckle-Assist-Slap-Fingerprint/One-Column/Figures/4-4-2-c.png> <c:/Users/ZhenyuZHOU/Desktop/Finger-Knuckle-Assist-Slap-Fingerprint/One-Column/Figures/4-4-2-d.png> <c:/Users/ZhenyuZHOU/Desktop/Finger-Knuckle-Assist-Slap-Fingerprint/One-Column/Figures/4-4-2-e.png> <c:/Users/ZhenyuZHOU/Desktop/Finger-Knuckle-Assist-Slap-Fingerprint/One-Column/Figures/4-4-2-f.png> <c:/Users/ZhenyuZHOU/Desktop/Finger-Knuckle-Assist-Slap-Fingerprint/One-Column/Figures/4-4-2-fingerprint.png>]
<Figures/block-diagram.png, id=246, 701.62125pt x 201.00093pt>
File: Figures/block-diagram.png Graphic file (type png)
<use Figures/block-diagram.png>
Package pdftex.def Info: Figures/block-diagram.png  used on input line 39.
(pdftex.def)             Requested size: 361.34999pt x 103.52122pt.
<Figures/mask-rcnn.png, id=247, 642.14906pt x 101.62968pt>
File: Figures/mask-rcnn.png Graphic file (type png)
<use Figures/mask-rcnn.png>
Package pdftex.def Info: Figures/mask-rcnn.png  used on input line 50.
(pdftex.def)             Requested size: 252.94499pt x 40.0324pt.
 [6pdfTeX warning (ext4): destination with the same identifier (name{figure.4}) has been already used, duplicate ignored
<argument> ...shipout:D \box_use:N \l_shipout_box 
                                                  
l.57 
     pdfTeX warning (ext4): destination with the same identifier (name{figure.5}) has been already used, duplicate ignored
<argument> ...shipout:D \box_use:N \l_shipout_box 
                                                  
l.57 
      <c:/Users/ZhenyuZHOU/Desktop/Finger-Knuckle-Assist-Slap-Fingerprint/One-Column/Figures/block-diagram.png> <c:/Users/ZhenyuZHOU/Desktop/Finger-Knuckle-Assist-Slap-Fingerprint/One-Column/Figures/mask-rcnn.png>]
<Figures/select-before.png, id=272, 307.90031pt x 307.90031pt>
File: Figures/select-before.png Graphic file (type png)
<use Figures/select-before.png>
Package pdftex.def Info: Figures/select-before.png  used on input line 63.
(pdftex.def)             Requested size: 115.63243pt x 115.63145pt.
<Figures/select-after.png, id=273, 308.65312pt x 308.65312pt>
File: Figures/select-after.png Graphic file (type png)
<use Figures/select-after.png>
Package pdftex.def Info: Figures/select-after.png  used on input line 65.
(pdftex.def)             Requested size: 115.63243pt x 115.63159pt.
Package hyperref Info: bookmark level for unknown algorithm defaults to 0 on input line 75.
<Figures/select-algorithm.png, id=275, 398.99063pt x 274.77657pt>
File: Figures/select-algorithm.png Graphic file (type png)
<use Figures/select-algorithm.png>
Package pdftex.def Info: Figures/select-algorithm.png  used on input line 153.
(pdftex.def)             Requested size: 180.67499pt x 124.42815pt.
 [7pdfTeX warning (ext4): destination with the same identifier (name{figure.6}) has been already used, duplicate ignored
<argument> ...shipout:D \box_use:N \l_shipout_box 
                                                  
l.160 
       <c:/Users/ZhenyuZHOU/Desktop/Finger-Knuckle-Assist-Slap-Fingerprint/One-Column/Figures/select-before.png> <c:/Users/ZhenyuZHOU/Desktop/Finger-Knuckle-Assist-Slap-Fingerprint/One-Column/Figures/select-after.png>] [8pdfTeX warning (ext4): destination with the same identifier (name{figure.7}) has been already used, duplicate ignored
<argument> ...shipout:D \box_use:N \l_shipout_box 
                                                  
l.160 
       <c:/Users/ZhenyuZHOU/Desktop/Finger-Knuckle-Assist-Slap-Fingerprint/One-Column/Figures/select-algorithm.png>]
<Figures/finger-orientation.png, id=335, 308.65312pt x 307.90031pt>
File: Figures/finger-orientation.png Graphic file (type png)
<use Figures/finger-orientation.png>
Package pdftex.def Info: Figures/finger-orientation.png  used on input line 167.
(pdftex.def)             Requested size: 180.67499pt x 180.24075pt.
 [9pdfTeX warning (ext4): destination with the same identifier (name{figure.8}) has been already used, duplicate ignored
<argument> ...shipout:D \box_use:N \l_shipout_box 
                                                  
l.173 
       <c:/Users/ZhenyuZHOU/Desktop/Finger-Knuckle-Assist-Slap-Fingerprint/One-Column/Figures/finger-orientation.png>]
<Figures/orientation-normization.png, id=345, 484.81125pt x 313.9228pt>
File: Figures/orientation-normization.png Graphic file (type png)
<use Figures/orientation-normization.png>
Package pdftex.def Info: Figures/orientation-normization.png  used on input line 176.
(pdftex.def)             Requested size: 195.12877pt x 126.34767pt.
) (c:/Users/ZhenyuZHOU/Desktop/Finger-Knuckle-Assist-Slap-Fingerprint/One-Column/V2/template-generation-and-matching.tex
<Figures/framework/ST-Residual/Framework.png, id=346, 946.299pt x 474.792pt>
File: Figures/framework/ST-Residual/Framework.png Graphic file (type png)
<use Figures/framework/ST-Residual/Framework.png>
Package pdftex.def Info: Figures/framework/ST-Residual/Framework.png  used on input line 7.
(pdftex.def)             Requested size: 361.34999pt x 181.29944pt.
 [10pdfTeX warning (ext4): destination with the same identifier (name{figure.9}) has been already used, duplicate ignored
<argument> ...shipout:D \box_use:N \l_shipout_box 
                                                  
l.14 
     pdfTeX warning (ext4): destination with the same identifier (name{table.1}) has been already used, duplicate ignored
<argument> ...shipout:D \box_use:N \l_shipout_box 
                                                  
l.14 
      <c:/Users/ZhenyuZHOU/Desktop/Finger-Knuckle-Assist-Slap-Fingerprint/One-Column/Figures/orientation-normization.png>] [11pdfTeX warning (ext4): destination with the same identifier (name{figure.10}) has been already used, duplicate ignored
<argument> ...shipout:D \box_use:N \l_shipout_box 
                                                  
l.18 
      <c:/Users/ZhenyuZHOU/Desktop/Finger-Knuckle-Assist-Slap-Fingerprint/One-Column/Figures/framework/ST-Residual/Framework.png>] [12]) (c:/Users/ZhenyuZHOU/Desktop/Finger-Knuckle-Assist-Slap-Fingerprint/One-Column/V2/experiments/experiments.tex [13]) (c:/Users/ZhenyuZHOU/Desktop/Finger-Knuckle-Assist-Slap-Fingerprint/One-Column/V2/experiments/performance-from-finger-knuckle-images.tex
<Figures/finger-knuckle/left-roc.pdf, id=433, 390.36542pt x 299.10445pt>
File: Figures/finger-knuckle/left-roc.pdf Graphic file (type pdf)
<use Figures/finger-knuckle/left-roc.pdf>
Package pdftex.def Info: Figures/finger-knuckle/left-roc.pdf  used on input line 6.
(pdftex.def)             Requested size: 122.85876pt x 94.13625pt.
<Figures/finger-knuckle/right-roc.pdf, id=434, 396.69304pt x 295.39659pt>
File: Figures/finger-knuckle/right-roc.pdf Graphic file (type pdf)
<use Figures/finger-knuckle/right-roc.pdf>
Package pdftex.def Info: Figures/finger-knuckle/right-roc.pdf  used on input line 8.
(pdftex.def)             Requested size: 126.47249pt x 94.17726pt.
<Figures/finger-knuckle/thumb-roc.pdf, id=435, 400.98376pt x 296.76974pt>
File: Figures/finger-knuckle/thumb-roc.pdf Graphic file (type pdf)
<use Figures/finger-knuckle/thumb-roc.pdf>
Package pdftex.def Info: Figures/finger-knuckle/thumb-roc.pdf  used on input line 11.
(pdftex.def)             Requested size: 130.08621pt x 96.27693pt.
 [14pdfTeX warning (ext4): destination with the same identifier (name{figure.11}) has been already used, duplicate ignored
<argument> ...shipout:D \box_use:N \l_shipout_box 
                                                  
l.17 
      <c:/Users/ZhenyuZHOU/Desktop/Finger-Knuckle-Assist-Slap-Fingerprint/One-Column/Figures/finger-knuckle/left-roc.pdf> <c:/Users/ZhenyuZHOU/Desktop/Finger-Knuckle-Assist-Slap-Fingerprint/One-Column/Figures/finger-knuckle/right-roc.pdf> <c:/Users/ZhenyuZHOU/Desktop/Finger-Knuckle-Assist-Slap-Fingerprint/One-Column/Figures/finger-knuckle/thumb-roc.pdf>]) (c:/Users/ZhenyuZHOU/Desktop/Finger-Knuckle-Assist-Slap-Fingerprint/One-Column/V2/experiments/performance-from-fingerprint-images.tex
<Figures/fingerprint/left-roc.pdf, id=479, 389.94083pt x 299.20682pt>
File: Figures/fingerprint/left-roc.pdf Graphic file (type pdf)
<use Figures/fingerprint/left-roc.pdf>
Package pdftex.def Info: Figures/fingerprint/left-roc.pdf  used on input line 8.
(pdftex.def)             Requested size: 122.85876pt x 94.2689pt.
<Figures/fingerprint/right-roc.pdf, id=480, 397.7279pt x 290.6619pt>
File: Figures/fingerprint/right-roc.pdf Graphic file (type pdf)
<use Figures/fingerprint/right-roc.pdf>
Package pdftex.def Info: Figures/fingerprint/right-roc.pdf  used on input line 10.
(pdftex.def)             Requested size: 126.47249pt x 92.42383pt.
<Figures/fingerprint/thumb-roc.pdf, id=481, 405.05559pt x 297.17625pt>
File: Figures/fingerprint/thumb-roc.pdf Graphic file (type pdf)
<use Figures/fingerprint/thumb-roc.pdf>
Package pdftex.def Info: Figures/fingerprint/thumb-roc.pdf  used on input line 13.
(pdftex.def)             Requested size: 130.08621pt x 95.43843pt.
) (c:/Users/ZhenyuZHOU/Desktop/Finger-Knuckle-Assist-Slap-Fingerprint/One-Column/V2/experiments/joint-performance-from-fingerprint-and-finger-knuckle-images.tex
<Figures/dynamic/01.pdf, id=482, 393.06247pt x 306.43083pt>
File: Figures/dynamic/01.pdf Graphic file (type pdf)
<use Figures/dynamic/01.pdf>
Package pdftex.def Info: Figures/dynamic/01.pdf  used on input line 6.
(pdftex.def)             Requested size: 122.85876pt x 95.77809pt.
<Figures/dynamic/02.pdf, id=483, 401.65399pt x 307.1475pt>
File: Figures/dynamic/02.pdf Graphic file (type pdf)
<use Figures/dynamic/02.pdf>
Package pdftex.def Info: Figures/dynamic/02.pdf  used on input line 8.
(pdftex.def)             Requested size: 122.85876pt x 93.94933pt.
<Figures/dynamic/04.pdf, id=484, 391.63011pt x 302.85146pt>
File: Figures/dynamic/04.pdf Graphic file (type pdf)
<use Figures/dynamic/04.pdf>
Package pdftex.def Info: Figures/dynamic/04.pdf  used on input line 10.
(pdftex.def)             Requested size: 122.85876pt x 95.0059pt.
<Figures/dynamic/05.pdf, id=485, 398.07399pt x 302.13576pt>
File: Figures/dynamic/05.pdf Graphic file (type pdf)
<use Figures/dynamic/05.pdf>
Package pdftex.def Info: Figures/dynamic/05.pdf  used on input line 13.
(pdftex.def)             Requested size: 122.85876pt x 93.24619pt.
<Figures/dynamic/06.pdf, id=486, 398.78967pt x 298.5554pt>
File: Figures/dynamic/06.pdf Graphic file (type pdf)
<use Figures/dynamic/06.pdf>
Package pdftex.def Info: Figures/dynamic/06.pdf  used on input line 15.
(pdftex.def)             Requested size: 122.85876pt x 91.9772pt.
<Figures/dynamic/07.pdf, id=487, 398.78967pt x 300.70442pt>
File: Figures/dynamic/07.pdf Graphic file (type pdf)
<use Figures/dynamic/07.pdf>
Package pdftex.def Info: Figures/dynamic/07.pdf  used on input line 17.
(pdftex.def)             Requested size: 122.85876pt x 92.63927pt.
<Figures/dynamic/08.pdf, id=488, 403.80138pt x 298.5554pt>
File: Figures/dynamic/08.pdf Graphic file (type pdf)
<use Figures/dynamic/08.pdf>
Package pdftex.def Info: Figures/dynamic/08.pdf  used on input line 20.
(pdftex.def)             Requested size: 122.85876pt x 90.83376pt.
<Figures/dynamic/09.pdf, id=489, 396.64287pt x 298.5554pt>
File: Figures/dynamic/09.pdf Graphic file (type pdf)
<use Figures/dynamic/09.pdf>
Package pdftex.def Info: Figures/dynamic/09.pdf  used on input line 22.
(pdftex.def)             Requested size: 122.85876pt x 92.47375pt.
<Figures/dynamic/10.pdf, id=490, 401.6536pt x 307.14648pt>
File: Figures/dynamic/10.pdf Graphic file (type pdf)
<use Figures/dynamic/10.pdf>
Package pdftex.def Info: Figures/dynamic/10.pdf  used on input line 24.
(pdftex.def)             Requested size: 122.85876pt x 93.94902pt.
 [15pdfTeX warning (ext4): destination with the same identifier (name{figure.12}) has been already used, duplicate ignored
<argument> ...shipout:D \box_use:N \l_shipout_box 
                                                  
l.30 
      <c:/Users/ZhenyuZHOU/Desktop/Finger-Knuckle-Assist-Slap-Fingerprint/One-Column/Figures/fingerprint/left-roc.pdf> <c:/Users/ZhenyuZHOU/Desktop/Finger-Knuckle-Assist-Slap-Fingerprint/One-Column/Figures/fingerprint/right-roc.pdf> <c:/Users/ZhenyuZHOU/Desktop/Finger-Knuckle-Assist-Slap-Fingerprint/One-Column/Figures/fingerprint/thumb-roc.pdf>] [16pdfTeX warning (ext4): destination with the same identifier (name{figure.13}) has been already used, duplicate ignored
<argument> ...shipout:D \box_use:N \l_shipout_box 
                                                  
l.30 
      <c:/Users/ZhenyuZHOU/Desktop/Finger-Knuckle-Assist-Slap-Fingerprint/One-Column/Figures/dynamic/01.pdf> <c:/Users/ZhenyuZHOU/Desktop/Finger-Knuckle-Assist-Slap-Fingerprint/One-Column/Figures/dynamic/02.pdf> <c:/Users/ZhenyuZHOU/Desktop/Finger-Knuckle-Assist-Slap-Fingerprint/One-Column/Figures/dynamic/04.pdf> <c:/Users/ZhenyuZHOU/Desktop/Finger-Knuckle-Assist-Slap-Fingerprint/One-Column/Figures/dynamic/05.pdf> <c:/Users/ZhenyuZHOU/Desktop/Finger-Knuckle-Assist-Slap-Fingerprint/One-Column/Figures/dynamic/06.pdf> <c:/Users/ZhenyuZHOU/Desktop/Finger-Knuckle-Assist-Slap-Fingerprint/One-Column/Figures/dynamic/07.pdf> <c:/Users/ZhenyuZHOU/Desktop/Finger-Knuckle-Assist-Slap-Fingerprint/One-Column/Figures/dynamic/08.pdf> <c:/Users/ZhenyuZHOU/Desktop/Finger-Knuckle-Assist-Slap-Fingerprint/One-Column/Figures/dynamic/09.pdf> <c:/Users/ZhenyuZHOU/Desktop/Finger-Knuckle-Assist-Slap-Fingerprint/One-Column/Figures/dynamic/10.pdf>]
<Figures/score-distribution-a.png, id=671, 727.21687pt x 713.66624pt>
File: Figures/score-distribution-a.png Graphic file (type png)
<use Figures/score-distribution-a.png>
Package pdftex.def Info: Figures/score-distribution-a.png  used on input line 54.
(pdftex.def)             Requested size: 119.24506pt x 117.02023pt.
<Figures/score-distribution-b.png, id=672, 725.71124pt x 713.66624pt>
File: Figures/score-distribution-b.png Graphic file (type png)
<use Figures/score-distribution-b.png>
Package pdftex.def Info: Figures/score-distribution-b.png  used on input line 56.
(pdftex.def)             Requested size: 119.24506pt x 117.25981pt.
) (c:/Users/ZhenyuZHOU/Desktop/Finger-Knuckle-Assist-Slap-Fingerprint/One-Column/V2/discussion.tex
<Figures/fk-compare/02.pdf, id=673, 395.29784pt x 298.99706pt>
File: Figures/fk-compare/02.pdf Graphic file (type pdf)
<use Figures/fk-compare/02.pdf>
Package pdftex.def Info: Figures/fk-compare/02.pdf  used on input line 4.
(pdftex.def)             Requested size: 115.63243pt x 87.4597pt.
<Figures/fk-compare/07.pdf, id=674, 401.51076pt x 286.57164pt>
File: Figures/fk-compare/07.pdf Graphic file (type pdf)
<use Figures/fk-compare/07.pdf>
Package pdftex.def Info: Figures/fk-compare/07.pdf  used on input line 6.
(pdftex.def)             Requested size: 122.85876pt x 87.68625pt.
 [17pdfTeX warning (ext4): destination with the same identifier (name{table.2}) has been already used, duplicate ignored
<argument> ...shipout:D \box_use:N \l_shipout_box 
                                                  
l.15 
     pdfTeX warning (ext4): destination with the same identifier (name{figure.14}) has been already used, duplicate ignored
<argument> ...shipout:D \box_use:N \l_shipout_box 
                                                  
l.15 
      <c:/Users/ZhenyuZHOU/Desktop/Finger-Knuckle-Assist-Slap-Fingerprint/One-Column/Figures/score-distribution-a.png> <c:/Users/ZhenyuZHOU/Desktop/Finger-Knuckle-Assist-Slap-Fingerprint/One-Column/Figures/score-distribution-b.png>]
<Figures/compare-fingerprint-a.png, id=700, 914.66719pt x 545.03625pt>
File: Figures/compare-fingerprint-a.png Graphic file (type png)
<use Figures/compare-fingerprint-a.png>
Package pdftex.def Info: Figures/compare-fingerprint-a.png  used on input line 27.
(pdftex.def)             Requested size: 115.63243pt x 68.9028pt.
<Figures/compare-fingerprint-b.png, id=701, 913.91437pt x 545.03625pt>
File: Figures/compare-fingerprint-b.png Graphic file (type png)
<use Figures/compare-fingerprint-b.png>
Package pdftex.def Info: Figures/compare-fingerprint-b.png  used on input line 29.
(pdftex.def)             Requested size: 115.63243pt x 68.9527pt.
 [18pdfTeX warning (ext4): destination with the same identifier (name{figure.15}) has been already used, duplicate ignored
<argument> ...shipout:D \box_use:N \l_shipout_box 
                                                  
l.36 
     pdfTeX warning (ext4): destination with the same identifier (name{figure.16}) has been already used, duplicate ignored
<argument> ...shipout:D \box_use:N \l_shipout_box 
                                                  
l.36 
      <c:/Users/ZhenyuZHOU/Desktop/Finger-Knuckle-Assist-Slap-Fingerprint/One-Column/Figures/fk-compare/02.pdf> <c:/Users/ZhenyuZHOU/Desktop/Finger-Knuckle-Assist-Slap-Fingerprint/One-Column/Figures/fk-compare/07.pdf> <c:/Users/ZhenyuZHOU/Desktop/Finger-Knuckle-Assist-Slap-Fingerprint/One-Column/Figures/compare-fingerprint-a.png> <c:/Users/ZhenyuZHOU/Desktop/Finger-Knuckle-Assist-Slap-Fingerprint/One-Column/Figures/compare-fingerprint-b.png>]
<Figures/compare-fusion-left.png, id=747, 898.10532pt x 532.23843pt>
File: Figures/compare-fusion-left.png Graphic file (type png)
<use Figures/compare-fusion-left.png>
Package pdftex.def Info: Figures/compare-fusion-left.png  used on input line 40.
(pdftex.def)             Requested size: 115.63243pt x 68.51935pt.
<Figures/compare-fusion-right.png, id=748, 895.84688pt x 532.23843pt>
File: Figures/compare-fusion-right.png Graphic file (type png)
<use Figures/compare-fusion-right.png>
Package pdftex.def Info: Figures/compare-fusion-right.png  used on input line 42.
(pdftex.def)             Requested size: 115.63243pt x 68.69801pt.
<Figures/failure-a.png, id=749, 503.63156pt x 503.63156pt>
File: Figures/failure-a.png Graphic file (type png)
<use Figures/failure-a.png>
Package pdftex.def Info: Figures/failure-a.png  used on input line 49.
(pdftex.def)             Requested size: 79.49744pt x 79.49146pt.
<Figures/failure-b.png, id=750, 503.63156pt x 503.63156pt>
File: Figures/failure-b.png Graphic file (type png)
<use Figures/failure-b.png>
Package pdftex.def Info: Figures/failure-b.png  used on input line 50.
(pdftex.def)             Requested size: 79.49744pt x 79.49146pt.
<Figures/failure-c.png, id=751, 503.63156pt x 504.38437pt>
File: Figures/failure-c.png Graphic file (type png)
<use Figures/failure-c.png>
Package pdftex.def Info: Figures/failure-c.png  used on input line 51.
(pdftex.def)             Requested size: 79.49744pt x 79.61028pt.
<Figures/failure-d.png, id=752, 502.87875pt x 502.87875pt>
File: Figures/failure-d.png Graphic file (type png)
<use Figures/failure-d.png>
Package pdftex.def Info: Figures/failure-d.png  used on input line 54.
(pdftex.def)             Requested size: 79.49744pt x 79.4954pt.
<Figures/failure-e.png, id=753, 503.63156pt x 502.87875pt>
File: Figures/failure-e.png Graphic file (type png)
<use Figures/failure-e.png>
Package pdftex.def Info: Figures/failure-e.png  used on input line 55.
(pdftex.def)             Requested size: 79.49744pt x 79.37263pt.
<Figures/failure-f.png, id=754, 502.87875pt x 502.87875pt>
File: Figures/failure-f.png Graphic file (type png)
<use Figures/failure-f.png>
Package pdftex.def Info: Figures/failure-f.png  used on input line 56.
(pdftex.def)             Requested size: 79.49744pt x 79.4954pt.
 [19pdfTeX warning (ext4): destination with the same identifier (name{figure.17}) has been already used, duplicate ignored
<argument> ...shipout:D \box_use:N \l_shipout_box 
                                                  
l.65 
     pdfTeX warning (ext4): destination with the same identifier (name{figure.18}) has been already used, duplicate ignored
<argument> ...shipout:D \box_use:N \l_shipout_box 
                                                  
l.65 
      <c:/Users/ZhenyuZHOU/Desktop/Finger-Knuckle-Assist-Slap-Fingerprint/One-Column/Figures/compare-fusion-left.png> <c:/Users/ZhenyuZHOU/Desktop/Finger-Knuckle-Assist-Slap-Fingerprint/One-Column/Figures/compare-fusion-right.png> <c:/Users/ZhenyuZHOU/Desktop/Finger-Knuckle-Assist-Slap-Fingerprint/One-Column/Figures/failure-a.png> <c:/Users/ZhenyuZHOU/Desktop/Finger-Knuckle-Assist-Slap-Fingerprint/One-Column/Figures/failure-b.png> <c:/Users/ZhenyuZHOU/Desktop/Finger-Knuckle-Assist-Slap-Fingerprint/One-Column/Figures/failure-c.png> <c:/Users/ZhenyuZHOU/Desktop/Finger-Knuckle-Assist-Slap-Fingerprint/One-Column/Figures/failure-d.png> <c:/Users/ZhenyuZHOU/Desktop/Finger-Knuckle-Assist-Slap-Fingerprint/One-Column/Figures/failure-e.png> <c:/Users/ZhenyuZHOU/Desktop/Finger-Knuckle-Assist-Slap-Fingerprint/One-Column/Figures/failure-f.png>]
<Figures/failure-fingerprint.png, id=777, 1202.99437pt x 720.44156pt>
File: Figures/failure-fingerprint.png Graphic file (type png)
<use Figures/failure-fingerprint.png>
Package pdftex.def Info: Figures/failure-fingerprint.png  used on input line 68.
(pdftex.def)             Requested size: 216.81pt x 129.83878pt.
) (c:/Users/ZhenyuZHOU/Desktop/Finger-Knuckle-Assist-Slap-Fingerprint/One-Column/V2/conclusion.tex [20pdfTeX warning (ext4): destination with the same identifier (name{figure.19}) has been already used, duplicate ignored
<argument> ...shipout:D \box_use:N \l_shipout_box 
                                                  
l.4 
     <c:/Users/ZhenyuZHOU/Desktop/Finger-Knuckle-Assist-Slap-Fingerprint/One-Column/Figures/failure-fingerprint.png>]) (c:/Users/ZhenyuZHOU/Desktop/Finger-Knuckle-Assist-Slap-Fingerprint/One-Column/finger-knuckle-assisted-slap-fingerprint.bbl
Underfull \hbox (badness 2189) in paragraph at lines 4--10
[]\OT1/cmr/m/n/10.95 Unique Iden-ti-fi-ca-tion Au-thor-ity of In-dia (UIDAI).  |   []   |   []   |   []   |   []   |   []
 []

[21] [22]) [23] (c:/Users/ZhenyuZHOU/Desktop/Finger-Knuckle-Assist-Slap-Fingerprint/One-Column/finger-knuckle-assisted-slap-fingerprint.aux)

LaTeX Warning: There were multiply-defined labels.

Package rerunfilecheck Info: File `finger-knuckle-assisted-slap-fingerprint.out' has not changed.
(rerunfilecheck)             Checksum: C138CCDC2BC9F9C4DAB1848D5E816566;5092.
 ) 
Here is how much of TeX's memory you used:
 12146 strings out of 478994
 192069 string characters out of 5855130
 516585 words of memory out of 5000000
 29154 multiletter control sequences out of 15000+600000
 423782 words of font info for 101 fonts, out of 8000000 for 9000
 1145 hyphenation exceptions out of 8191
 71i,13n,74p,3108b,565s stack positions out of 5000i,500n,10000p,200000b,80000s
{c:/Program Files/texlive/2021/texmf-dist/fonts/enc/dvips/cm-super/cm-super-ts1.enc}<c:/Program Files/texlive/2021/texmf-dist/fonts/type1/public/amsfonts/cm/cmbsy10.pfb><c:/Program Files/texlive/2021/texmf-dist/fonts/type1/public/amsfonts/cm/cmbx10.pfb><c:/Program Files/texlive/2021/texmf-dist/fonts/type1/public/amsfonts/cm/cmbx12.pfb><c:/Program Files/texlive/2021/texmf-dist/fonts/type1/public/amsfonts/cm/cmbx8.pfb><c:/Program Files/texlive/2021/texmf-dist/fonts/type1/public/amsfonts/cm/cmbxti10.pfb><c:/Program Files/texlive/2021/texmf-dist/fonts/type1/public/amsfonts/cm/cmmi10.pfb><c:/Program Files/texlive/2021/texmf-dist/fonts/type1/public/amsfonts/cm/cmmi12.pfb><c:/Program Files/texlive/2021/texmf-dist/fonts/type1/public/amsfonts/cm/cmmi7.pfb><c:/Program Files/texlive/2021/texmf-dist/fonts/type1/public/amsfonts/cm/cmmi8.pfb><c:/Program Files/texlive/2021/texmf-dist/fonts/type1/public/amsfonts/cm/cmmib10.pfb><c:/Program Files/texlive/2021/texmf-dist/fonts/type1/public/amsfonts/cmextra/cmmib8.pfb><c:/Program Files/texlive/2021/texmf-dist/fonts/type1/public/amsfonts/cm/cmr10.pfb><c:/Program Files/texlive/2021/texmf-dist/fonts/type1/public/amsfonts/cm/cmr12.pfb><c:/Program Files/texlive/2021/texmf-dist/fonts/type1/public/amsfonts/cm/cmr17.pfb><c:/Program Files/texlive/2021/texmf-dist/fonts/type1/public/amsfonts/cm/cmr7.pfb><c:/Program Files/texlive/2021/texmf-dist/fonts/type1/public/amsfonts/cm/cmr8.pfb><c:/Program Files/texlive/2021/texmf-dist/fonts/type1/public/amsfonts/cm/cmss8.pfb><c:/Program Files/texlive/2021/texmf-dist/fonts/type1/public/amsfonts/cm/cmsy10.pfb><c:/Program Files/texlive/2021/texmf-dist/fonts/type1/public/amsfonts/cm/cmsy5.pfb><c:/Program Files/texlive/2021/texmf-dist/fonts/type1/public/amsfonts/cm/cmsy6.pfb><c:/Program Files/texlive/2021/texmf-dist/fonts/type1/public/amsfonts/cm/cmsy8.pfb><c:/Program Files/texlive/2021/texmf-dist/fonts/type1/public/amsfonts/cm/cmti10.pfb><c:/Program Files/texlive/2021/texmf-dist/fonts/type1/public/amsfonts/cm/cmti12.pfb><c:/Program Files/texlive/2021/texmf-dist/fonts/type1/public/amsfonts/cm/cmtt10.pfb><c:/Program Files/texlive/2021/texmf-dist/fonts/type1/public/cm-super/sfrm0700.pfb><c:/Program Files/texlive/2021/texmf-dist/fonts/type1/public/cm-super/sfrm0800.pfb><c:/Program Files/texlive/2021/texmf-dist/fonts/type1/public/cm-super/sfrm1095.pfb>
Output written on c:/Users/ZhenyuZHOU/Desktop/Finger-Knuckle-Assist-Slap-Fingerprint/One-Column/finger-knuckle-assisted-slap-fingerprint.pdf (23 pages, 24790618 bytes).
PDF statistics:
 942 PDF objects out of 1000 (max. 8388607)
 800 compressed objects within 8 object streams
 183 named destinations out of 1000 (max. 500000)
 444 words of extra memory for PDF output out of 10000 (max. 10000000)

